-------------------------------------------------------------------------------
Test set: com.student.tests.CrudTest
-------------------------------------------------------------------------------
Tests run: 4, Failures: 0, Errors: 4, Skipped: 0, Time elapsed: 4.688 s <<< FAILURE! - in com.student.tests.CrudTest
deleteStudent(com.student.tests.CrudTest)  Time elapsed: 1.688 s  <<< ERROR!
java.net.MalformedURLException: no protocol: "http://localhost:"
	at com.student.tests.CrudTest.deleteStudent(CrudTest.java:55)

createNewStudent(com.student.tests.CrudTest)  Time elapsed: 0.911 s  <<< ERROR!
java.net.MalformedURLException: no protocol: "http://localhost:"
	at com.student.tests.CrudTest.createNewStudent(CrudTest.java:36)

updateStudent(com.student.tests.CrudTest)  Time elapsed: 0.093 s  <<< ERROR!
java.net.MalformedURLException: no protocol: "http://localhost:"
	at com.student.tests.CrudTest.updateStudent(CrudTest.java:50)

getAllStudents(com.student.tests.CrudTest)  Time elapsed: 0.004 s  <<< ERROR!
java.net.MalformedURLException: no protocol: "http://localhost:"
	at com.student.tests.CrudTest.getAllStudents(CrudTest.java:22)

