<?xml version="1.0" encoding="UTF-8"?>
<testsuite xmlns:xsi="http://www.w3.org/2001/XMLSchema-instance" xsi:noNamespaceSchemaLocation="https://maven.apache.org/surefire/maven-surefire-plugin/xsd/surefire-test-report.xsd" name="com.student.tests.CrudTest" time="1.912" tests="1" errors="1" skipped="0" failures="0">
  <properties>
[...]
</properties>
  <testcase name="getAllStudents" classname="com.student.tests.CrudTest" time="0.328">
    <error message="no protocol: &quot;http://localhost&quot;" type="java.net.MalformedURLException">java.net.MalformedURLException: no protocol: "http://localhost"
	at com.student.tests.CrudTest.getAllStudents(CrudTest.java:18)
</error>
  </testcase>
</testsuite>